─ Session info ───────────────────────────────────────────────────────────────
 setting  value
 version  R version 4.3.2 (2023-10-31)
 os       Ubuntu 22.04.3 LTS
 system   x86_64, linux-gnu
 ui       X11
 language (EN)
 collate  en_US.UTF-8
 ctype    en_US.UTF-8
 tz       Europe/Berlin
 date     2024-01-04
 pandoc   3.1.10 @ /usr/bin/ (via rmarkdown)

─ Packages ───────────────────────────────────────────────────────────────────
 package     * version    date (UTC) lib source
 backpackR   * 0.0.1      2024-01-03 [1] local
 biblio        0.0.8.9001 2023-12-30 [1] Github (kamapu/biblio@a0a222c)
 bit           4.0.5      2022-11-15 [1] CRAN (R 4.3.2)
 bit64         4.0.5      2020-08-30 [1] CRAN (R 4.3.2)
 blob          1.2.4      2023-03-17 [1] CRAN (R 4.3.2)
 cachem        1.0.8      2023-05-01 [2] CRAN (R 4.3.2)
 cli           3.6.2      2023-12-11 [2] CRAN (R 4.3.2)
 curl          5.2.0      2023-12-08 [1] CRAN (R 4.3.2)
 DBI           1.2.0      2023-12-21 [1] CRAN (R 4.3.2)
 digest        0.6.33     2023-07-07 [2] CRAN (R 4.3.2)
 divDB         0.0.0.9002 2024-01-02 [1] Github (kamapu/divDB@081027d)
 evaluate      0.23       2023-11-01 [2] CRAN (R 4.3.2)
 fastmap       1.1.1      2023-02-24 [2] CRAN (R 4.3.2)
 foreign       0.8-86     2023-11-28 [4] CRAN (R 4.3.2)
 glue          1.6.2      2022-02-24 [2] CRAN (R 4.3.2)
 hms           1.1.3      2023-03-21 [1] CRAN (R 4.3.2)
 hoardr        0.5.3      2023-01-26 [1] CRAN (R 4.3.2)
 htmltools     0.5.7      2023-11-03 [2] CRAN (R 4.3.2)
 knitr         1.45       2023-10-30 [2] CRAN (R 4.3.2)
 lifecycle     1.0.4      2023-11-07 [2] CRAN (R 4.3.2)
 magrittr      2.0.3      2022-03-30 [2] CRAN (R 4.3.2)
 memoise       2.0.1      2021-11-26 [2] CRAN (R 4.3.2)
 pkgconfig     2.0.3      2019-09-22 [2] CRAN (R 4.3.2)
 plyr          1.8.9      2023-10-02 [1] CRAN (R 4.3.2)
 R6            2.5.1      2021-08-19 [2] CRAN (R 4.3.2)
 rappdirs      0.3.3      2021-01-31 [2] CRAN (R 4.3.2)
 Rcpp          1.0.11     2023-07-06 [2] CRAN (R 4.3.2)
 rj          * 4.0.10-2   2023-12-12 [2] local
 rj.gd         4.0.10-0   2023-12-12 [2] local
 rlang         1.1.2      2023-11-04 [2] CRAN (R 4.3.2)
 rmarkdown     2.25       2023-09-18 [2] CRAN (R 4.3.2)
 RPostgres     1.4.6      2023-10-22 [1] CRAN (R 4.3.2)
 RPostgreSQL   0.7-5      2023-02-10 [1] CRAN (R 4.3.2)
 RSQLite       2.3.4      2023-12-08 [1] CRAN (R 4.3.2)
 sessioninfo   1.2.2      2021-12-06 [2] CRAN (R 4.3.2)
 stringdist    0.9.12     2023-11-28 [1] CRAN (R 4.3.2)
 stringi       1.8.3      2023-12-11 [2] CRAN (R 4.3.2)
 stringr       1.5.1      2023-11-14 [2] CRAN (R 4.3.2)
 taxlist       0.2.4.9002 2023-12-30 [1] Github (ropensci/taxlist@905266a)
 vctrs         0.6.5      2023-12-01 [2] CRAN (R 4.3.2)
 vegdata       0.9.11.4   2022-12-17 [1] CRAN (R 4.3.2)
 xfun          0.41       2023-11-01 [2] CRAN (R 4.3.2)
 xml2          1.3.6      2023-12-04 [1] CRAN (R 4.3.2)
 yaml          2.3.8      2023-12-11 [2] CRAN (R 4.3.2)
 yamlme        0.1.2      2022-11-09 [1] CRAN (R 4.3.2)
 zip           2.3.0      2023-04-17 [2] CRAN (R 4.3.2)

 [1] /home/miguel/R/x86_64-pc-linux-gnu-library/4.3
 [2] /usr/local/lib/R/site-library
 [3] /usr/lib/R/site-library
 [4] /usr/lib/R/library

──────────────────────────────────────────────────────────────────────────────
