─ Session info ───────────────────────────────────────────────────────────────
 setting  value
 version  R version 4.3.2 (2023-10-31)
 os       Ubuntu 22.04.3 LTS
 system   x86_64, linux-gnu
 ui       X11
 language en_GB:en
 collate  en_GB.UTF-8
 ctype    en_GB.UTF-8
 tz       Europe/Berlin
 date     2023-11-26
 pandoc   3.0.1 @ /usr/bin/pandoc

─ Packages ───────────────────────────────────────────────────────────────────
 package     * version  date (UTC) lib source
 backpackR   * 0.0.1    2023-11-26 [1] local
 bit           4.0.5    2022-11-15 [1] CRAN (R 4.3.0)
 bit64         4.0.5    2020-08-30 [3] CRAN (R 4.0.2)
 blob          1.2.4    2023-03-17 [1] CRAN (R 4.3.0)
 cachem        1.0.8    2023-05-01 [1] CRAN (R 4.3.0)
 callr         3.7.3    2022-11-02 [1] CRAN (R 4.3.0)
 cli           3.6.1    2023-03-23 [1] CRAN (R 4.3.0)
 crayon        1.5.2    2022-09-29 [1] CRAN (R 4.3.0)
 DBI           1.1.3    2022-06-18 [1] CRAN (R 4.3.0)
 desc          1.4.2    2022-09-08 [1] CRAN (R 4.3.0)
 devtools      2.4.5    2022-10-11 [1] CRAN (R 4.3.0)
 digest        0.6.33   2023-07-07 [1] CRAN (R 4.3.1)
 ellipsis      0.3.2    2021-04-29 [1] CRAN (R 4.3.1)
 fansi         1.0.5    2023-10-08 [1] CRAN (R 4.3.1)
 fastmap       1.1.1    2023-02-24 [1] CRAN (R 4.3.0)
 fs            1.6.3    2023-07-20 [1] CRAN (R 4.3.1)
 glue          1.6.2    2022-02-24 [1] CRAN (R 4.3.0)
 hms           1.1.3    2023-03-21 [1] CRAN (R 4.3.0)
 htmltools     0.5.7    2023-11-03 [1] CRAN (R 4.3.2)
 htmlwidgets   1.6.2    2023-03-17 [1] CRAN (R 4.3.0)
 httpuv        1.6.12   2023-10-23 [1] CRAN (R 4.3.2)
 later         1.3.1    2023-05-02 [1] CRAN (R 4.3.0)
 lifecycle     1.0.4    2023-11-07 [1] CRAN (R 4.3.2)
 magrittr      2.0.3    2022-03-30 [1] CRAN (R 4.3.0)
 memoise       2.0.1    2021-11-26 [1] CRAN (R 4.3.1)
 mime          0.12     2021-09-28 [1] CRAN (R 4.3.1)
 miniUI        0.1.1.1  2018-05-18 [1] CRAN (R 4.3.0)
 pillar        1.9.0    2023-03-22 [1] CRAN (R 4.3.0)
 pkgbuild      1.4.2    2023-06-26 [1] CRAN (R 4.3.1)
 pkgconfig     2.0.3    2019-09-22 [1] CRAN (R 4.3.1)
 pkgload       1.3.3    2023-09-22 [1] CRAN (R 4.3.1)
 prettyunits   1.2.0    2023-09-24 [1] CRAN (R 4.3.1)
 processx      3.8.2    2023-06-30 [1] CRAN (R 4.3.1)
 profvis       0.3.8    2023-05-02 [1] CRAN (R 4.3.0)
 promises      1.2.1    2023-08-10 [1] CRAN (R 4.3.1)
 ps            1.7.5    2023-04-18 [1] CRAN (R 4.3.0)
 purrr         1.0.2    2023-08-10 [1] CRAN (R 4.3.1)
 R6            2.5.1    2021-08-19 [1] CRAN (R 4.3.1)
 Rcpp          1.0.11   2023-07-06 [1] CRAN (R 4.3.1)
 remotes       2.4.2.1  2023-07-18 [1] CRAN (R 4.3.1)
 rj          * 4.0.10-2 2023-11-18 [1] local
 rj.gd         4.0.10-0 2023-11-18 [1] local
 rlang         1.1.2    2023-11-04 [1] CRAN (R 4.3.2)
 RPostgres     1.4.6    2023-10-22 [1] CRAN (R 4.3.2)
 rprojroot     2.0.4    2023-11-05 [1] CRAN (R 4.3.2)
 sessioninfo   1.2.2    2021-12-06 [1] CRAN (R 4.3.2)
 shiny         1.8.0    2023-11-17 [1] CRAN (R 4.3.2)
 stringi       1.8.1    2023-11-13 [1] CRAN (R 4.3.2)
 stringr       1.5.1    2023-11-14 [1] CRAN (R 4.3.2)
 tibble        3.2.1    2023-03-20 [1] CRAN (R 4.3.0)
 urlchecker    1.0.1    2021-11-30 [1] CRAN (R 4.3.0)
 usethis       2.2.2    2023-07-06 [1] CRAN (R 4.3.1)
 utf8          1.2.4    2023-10-22 [1] CRAN (R 4.3.2)
 vctrs         0.6.4    2023-10-12 [1] CRAN (R 4.3.1)
 xtable        1.8-4    2019-04-21 [3] CRAN (R 4.0.1)
 yaml          2.3.7    2023-01-23 [1] CRAN (R 4.3.0)
 zip           2.3.0    2023-04-17 [1] CRAN (R 4.3.0)

 [1] /home/miguel/R/x86_64-pc-linux-gnu-library/4.3
 [2] /usr/local/lib/R/site-library
 [3] /usr/lib/R/site-library
 [4] /usr/lib/R/library

──────────────────────────────────────────────────────────────────────────────
