─ Session info ───────────────────────────────────────────────────────────────
 setting  value
 version  R version 4.3.2 (2023-10-31)
 os       Ubuntu 22.04.3 LTS
 system   x86_64, linux-gnu
 ui       X11
 language (EN)
 collate  en_US.UTF-8
 ctype    en_US.UTF-8
 tz       Europe/Berlin
 date     2023-12-30
 pandoc   3.1.10 @ /usr/bin/pandoc

─ Packages ───────────────────────────────────────────────────────────────────
 package     * version  date (UTC) lib source
 backpackR   * 0.0.1    2023-12-30 [1] local
 bit           4.0.5    2022-11-15 [1] CRAN (R 4.3.2)
 bit64         4.0.5    2020-08-30 [1] CRAN (R 4.3.2)
 blob          1.2.4    2023-03-17 [1] CRAN (R 4.3.2)
 cli           3.6.2    2023-12-11 [2] CRAN (R 4.3.2)
 DBI           1.2.0    2023-12-21 [1] CRAN (R 4.3.2)
 generics      0.1.3    2022-07-05 [1] CRAN (R 4.3.2)
 hms           1.1.3    2023-03-21 [1] CRAN (R 4.3.2)
 lifecycle     1.0.4    2023-11-07 [2] CRAN (R 4.3.2)
 lubridate     1.9.3    2023-09-27 [1] CRAN (R 4.3.2)
 pkgconfig     2.0.3    2019-09-22 [2] CRAN (R 4.3.2)
 rj          * 4.0.10-2 2023-12-12 [2] local
 rj.gd         4.0.10-0 2023-12-12 [2] local
 rlang         1.1.2    2023-11-04 [2] CRAN (R 4.3.2)
 RPostgres     1.4.6    2023-10-22 [1] CRAN (R 4.3.2)
 sessioninfo   1.2.2    2021-12-06 [2] CRAN (R 4.3.2)
 timechange    0.2.0    2023-01-11 [1] CRAN (R 4.3.2)
 vctrs         0.6.5    2023-12-01 [2] CRAN (R 4.3.2)
 yaml          2.3.8    2023-12-11 [2] CRAN (R 4.3.2)
 zip           2.3.0    2023-04-17 [2] CRAN (R 4.3.2)

 [1] /home/miguel/R/x86_64-pc-linux-gnu-library/4.3
 [2] /usr/local/lib/R/site-library
 [3] /usr/lib/R/site-library
 [4] /usr/lib/R/library

──────────────────────────────────────────────────────────────────────────────
